<?xml version="1.0" encoding="UTF-8"?>
<testng-results ignored="0" total="2" passed="2" failed="0" skipped="0">
  <reporter-output>
  </reporter-output>
  <suite started-at="2022-08-29T22:44:19 IST" name="Default suite" finished-at="2022-08-29T22:44:19 IST" duration-ms="114">
    <groups>
    </groups>
    <test started-at="2022-08-29T22:44:19 IST" name="Default test" finished-at="2022-08-29T22:44:19 IST" duration-ms="114">
      <class name="teamRCB.RCBTest">
        <test-method is-config="true" signature="setup()[pri:0, instance:teamRCB.RCBTest@65f095f8]" started-at="2022-08-29T22:44:19 IST" name="setup" finished-at="2022-08-29T22:44:19 IST" duration-ms="25" status="PASS">
          <reporter-output>
          </reporter-output>
        </test-method> <!-- setup -->
        <test-method signature="validateIfTeamHasAtLeastOneWicketkeeper()[pri:0, instance:teamRCB.RCBTest@65f095f8]" started-at="2022-08-29T22:44:19 IST" name="validateIfTeamHasAtLeastOneWicketkeeper" finished-at="2022-08-29T22:44:19 IST" duration-ms="13" status="PASS">
          <reporter-output>
          </reporter-output>
        </test-method> <!-- validateIfTeamHasAtLeastOneWicketkeeper -->
        <test-method signature="validateIfTeamHasOnlyFourForeignPlayers()[pri:0, instance:teamRCB.RCBTest@65f095f8]" started-at="2022-08-29T22:44:19 IST" name="validateIfTeamHasOnlyFourForeignPlayers" finished-at="2022-08-29T22:44:19 IST" duration-ms="3" status="PASS">
          <reporter-output>
          </reporter-output>
        </test-method> <!-- validateIfTeamHasOnlyFourForeignPlayers -->
      </class> <!-- teamRCB.RCBTest -->
    </test> <!-- Default test -->
  </suite> <!-- Default suite -->
</testng-results>
